<?xml version="1.0" encoding="UTF-8"?>
<testsuite xmlns:xsi="http://www.w3.org/2001/XMLSchema-instance" xsi:noNamespaceSchemaLocation="https://maven.apache.org/surefire/maven-surefire-plugin/xsd/surefire-test-report-3.0.xsd" version="3.0" name="com.example.TestHomePage" time="1.426" tests="1" errors="0" skipped="0" failures="0">
  <properties>
    <property name="sun.desktop" value="windows"/>
    <property name="awt.toolkit" value="sun.awt.windows.WToolkit"/>
    <property name="java.specification.version" value="11"/>
    <property name="sun.cpu.isalist" value="amd64"/>
    <property name="sun.jnu.encoding" value="Cp1252"/>
    <property name="java.class.path" value="C:\Desenvolvimento\workspace-example\example-app\target\test-classes;C:\Desenvolvimento\workspace-example\example-app\target\classes;C:\Users\Maike\.m2\settings-public\org\apache\wicket\wicket-core\9.15.0\wicket-core-9.15.0.jar;C:\Users\Maike\.m2\settings-public\com\github\openjson\openjson\1.0.13\openjson-1.0.13.jar;C:\Users\Maike\.m2\settings-public\org\apache\wicket\wicket-request\9.15.0\wicket-request-9.15.0.jar;C:\Users\Maike\.m2\settings-public\org\apache\wicket\wicket-util\9.15.0\wicket-util-9.15.0.jar;C:\Users\Maike\.m2\settings-public\commons-fileupload\commons-fileupload\1.5\commons-fileupload-1.5.jar;C:\Users\Maike\.m2\settings-public\commons-io\commons-io\2.13.0\commons-io-2.13.0.jar;C:\Users\Maike\.m2\settings-public\org\apache\commons\commons-collections4\4.4\commons-collections4-4.4.jar;C:\Users\Maike\.m2\settings-public\org\danekja\jdk-serializable-functional\1.9.0\jdk-serializable-functional-1.9.0.jar;C:\Users\Maike\.m2\settings-public\org\slf4j\slf4j-api\2.0.7\slf4j-api-2.0.7.jar;C:\Users\Maike\.m2\settings-public\org\apache\wicket\wicket-native-websocket-javax\9.15.0\wicket-native-websocket-javax-9.15.0.jar;C:\Users\Maike\.m2\settings-public\org\apache\wicket\wicket-native-websocket-core\9.15.0\wicket-native-websocket-core-9.15.0.jar;C:\Users\Maike\.m2\settings-public\org\slf4j\slf4j-simple\2.0.7\slf4j-simple-2.0.7.jar;C:\Users\Maike\.m2\settings-public\org\junit\jupiter\junit-jupiter-engine\5.10.0\junit-jupiter-engine-5.10.0.jar;C:\Users\Maike\.m2\settings-public\org\junit\platform\junit-platform-engine\1.10.0\junit-platform-engine-1.10.0.jar;C:\Users\Maike\.m2\settings-public\org\opentest4j\opentest4j\1.3.0\opentest4j-1.3.0.jar;C:\Users\Maike\.m2\settings-public\org\junit\platform\junit-platform-commons\1.10.0\junit-platform-commons-1.10.0.jar;C:\Users\Maike\.m2\settings-public\org\junit\jupiter\junit-jupiter-api\5.10.0\junit-jupiter-api-5.10.0.jar;C:\Users\Maike\.m2\settings-public\org\apiguardian\apiguardian-api\1.1.2\apiguardian-api-1.1.2.jar;C:\Users\Maike\.m2\settings-public\org\eclipse\jetty\jetty-server\9.4.52.v20230823\jetty-server-9.4.52.v20230823.jar;C:\Users\Maike\.m2\settings-public\javax\servlet\javax.servlet-api\3.1.0\javax.servlet-api-3.1.0.jar;C:\Users\Maike\.m2\settings-public\org\eclipse\jetty\jetty-http\9.4.52.v20230823\jetty-http-9.4.52.v20230823.jar;C:\Users\Maike\.m2\settings-public\org\eclipse\jetty\jetty-io\9.4.52.v20230823\jetty-io-9.4.52.v20230823.jar;C:\Users\Maike\.m2\settings-public\org\eclipse\jetty\jetty-webapp\9.4.52.v20230823\jetty-webapp-9.4.52.v20230823.jar;C:\Users\Maike\.m2\settings-public\org\eclipse\jetty\jetty-xml\9.4.52.v20230823\jetty-xml-9.4.52.v20230823.jar;C:\Users\Maike\.m2\settings-public\org\eclipse\jetty\jetty-servlet\9.4.52.v20230823\jetty-servlet-9.4.52.v20230823.jar;C:\Users\Maike\.m2\settings-public\org\eclipse\jetty\jetty-security\9.4.52.v20230823\jetty-security-9.4.52.v20230823.jar;C:\Users\Maike\.m2\settings-public\org\eclipse\jetty\jetty-util-ajax\9.4.52.v20230823\jetty-util-ajax-9.4.52.v20230823.jar;C:\Users\Maike\.m2\settings-public\org\eclipse\jetty\jetty-jmx\9.4.52.v20230823\jetty-jmx-9.4.52.v20230823.jar;C:\Users\Maike\.m2\settings-public\org\eclipse\jetty\jetty-util\9.4.52.v20230823\jetty-util-9.4.52.v20230823.jar;C:\Users\Maike\.m2\settings-public\org\eclipse\jetty\websocket\javax-websocket-server-impl\9.4.52.v20230823\javax-websocket-server-impl-9.4.52.v20230823.jar;C:\Users\Maike\.m2\settings-public\org\eclipse\jetty\jetty-annotations\9.4.52.v20230823\jetty-annotations-9.4.52.v20230823.jar;C:\Users\Maike\.m2\settings-public\org\eclipse\jetty\jetty-plus\9.4.52.v20230823\jetty-plus-9.4.52.v20230823.jar;C:\Users\Maike\.m2\settings-public\org\eclipse\jetty\jetty-jndi\9.4.52.v20230823\jetty-jndi-9.4.52.v20230823.jar;C:\Users\Maike\.m2\settings-public\javax\annotation\javax.annotation-api\1.3.2\javax.annotation-api-1.3.2.jar;C:\Users\Maike\.m2\settings-public\org\ow2\asm\asm\9.5\asm-9.5.jar;C:\Users\Maike\.m2\settings-public\org\ow2\asm\asm-commons\9.5\asm-commons-9.5.jar;C:\Users\Maike\.m2\settings-public\org\ow2\asm\asm-tree\9.5\asm-tree-9.5.jar;C:\Users\Maike\.m2\settings-public\org\eclipse\jetty\websocket\javax-websocket-client-impl\9.4.52.v20230823\javax-websocket-client-impl-9.4.52.v20230823.jar;C:\Users\Maike\.m2\settings-public\org\eclipse\jetty\websocket\websocket-client\9.4.52.v20230823\websocket-client-9.4.52.v20230823.jar;C:\Users\Maike\.m2\settings-public\org\eclipse\jetty\jetty-client\9.4.52.v20230823\jetty-client-9.4.52.v20230823.jar;C:\Users\Maike\.m2\settings-public\javax\websocket\javax.websocket-client-api\1.0\javax.websocket-client-api-1.0.jar;C:\Users\Maike\.m2\settings-public\org\eclipse\jetty\websocket\websocket-server\9.4.52.v20230823\websocket-server-9.4.52.v20230823.jar;C:\Users\Maike\.m2\settings-public\org\eclipse\jetty\websocket\websocket-common\9.4.52.v20230823\websocket-common-9.4.52.v20230823.jar;C:\Users\Maike\.m2\settings-public\org\eclipse\jetty\websocket\websocket-api\9.4.52.v20230823\websocket-api-9.4.52.v20230823.jar;C:\Users\Maike\.m2\settings-public\org\eclipse\jetty\websocket\websocket-servlet\9.4.52.v20230823\websocket-servlet-9.4.52.v20230823.jar;C:\Users\Maike\.m2\settings-public\javax\websocket\javax.websocket-api\1.0\javax.websocket-api-1.0.jar;"/>
    <property name="java.vm.vendor" value="Eclipse Adoptium"/>
    <property name="sun.arch.data.model" value="64"/>
    <property name="user.variant" value=""/>
    <property name="java.vendor.url" value="https://adoptium.net/"/>
    <property name="user.timezone" value="America/Fortaleza"/>
    <property name="java.vm.specification.version" value="11"/>
    <property name="os.name" value="Windows 10"/>
    <property name="sun.java.launcher" value="SUN_STANDARD"/>
    <property name="user.country" value="BR"/>
    <property name="sun.boot.library.path" value="C:\opt\java\jdk-11.0.21.9-hotspot\bin"/>
    <property name="sun.java.command" value="C:\Users\Maike\AppData\Local\Temp\surefire14598758353513348394\surefirebooter-20231211173715334_3.jar C:\Users\Maike\AppData\Local\Temp\surefire14598758353513348394 2023-12-11T17-37-13_638-jvmRun1 surefire-20231211173715334_1tmp surefire_0-20231211173715334_2tmp"/>
    <property name="jdk.debug" value="release"/>
    <property name="surefire.test.class.path" value="C:\Desenvolvimento\workspace-example\example-app\target\test-classes;C:\Desenvolvimento\workspace-example\example-app\target\classes;C:\Users\Maike\.m2\settings-public\org\apache\wicket\wicket-core\9.15.0\wicket-core-9.15.0.jar;C:\Users\Maike\.m2\settings-public\com\github\openjson\openjson\1.0.13\openjson-1.0.13.jar;C:\Users\Maike\.m2\settings-public\org\apache\wicket\wicket-request\9.15.0\wicket-request-9.15.0.jar;C:\Users\Maike\.m2\settings-public\org\apache\wicket\wicket-util\9.15.0\wicket-util-9.15.0.jar;C:\Users\Maike\.m2\settings-public\commons-fileupload\commons-fileupload\1.5\commons-fileupload-1.5.jar;C:\Users\Maike\.m2\settings-public\commons-io\commons-io\2.13.0\commons-io-2.13.0.jar;C:\Users\Maike\.m2\settings-public\org\apache\commons\commons-collections4\4.4\commons-collections4-4.4.jar;C:\Users\Maike\.m2\settings-public\org\danekja\jdk-serializable-functional\1.9.0\jdk-serializable-functional-1.9.0.jar;C:\Users\Maike\.m2\settings-public\org\slf4j\slf4j-api\2.0.7\slf4j-api-2.0.7.jar;C:\Users\Maike\.m2\settings-public\org\apache\wicket\wicket-native-websocket-javax\9.15.0\wicket-native-websocket-javax-9.15.0.jar;C:\Users\Maike\.m2\settings-public\org\apache\wicket\wicket-native-websocket-core\9.15.0\wicket-native-websocket-core-9.15.0.jar;C:\Users\Maike\.m2\settings-public\org\slf4j\slf4j-simple\2.0.7\slf4j-simple-2.0.7.jar;C:\Users\Maike\.m2\settings-public\org\junit\jupiter\junit-jupiter-engine\5.10.0\junit-jupiter-engine-5.10.0.jar;C:\Users\Maike\.m2\settings-public\org\junit\platform\junit-platform-engine\1.10.0\junit-platform-engine-1.10.0.jar;C:\Users\Maike\.m2\settings-public\org\opentest4j\opentest4j\1.3.0\opentest4j-1.3.0.jar;C:\Users\Maike\.m2\settings-public\org\junit\platform\junit-platform-commons\1.10.0\junit-platform-commons-1.10.0.jar;C:\Users\Maike\.m2\settings-public\org\junit\jupiter\junit-jupiter-api\5.10.0\junit-jupiter-api-5.10.0.jar;C:\Users\Maike\.m2\settings-public\org\apiguardian\apiguardian-api\1.1.2\apiguardian-api-1.1.2.jar;C:\Users\Maike\.m2\settings-public\org\eclipse\jetty\jetty-server\9.4.52.v20230823\jetty-server-9.4.52.v20230823.jar;C:\Users\Maike\.m2\settings-public\javax\servlet\javax.servlet-api\3.1.0\javax.servlet-api-3.1.0.jar;C:\Users\Maike\.m2\settings-public\org\eclipse\jetty\jetty-http\9.4.52.v20230823\jetty-http-9.4.52.v20230823.jar;C:\Users\Maike\.m2\settings-public\org\eclipse\jetty\jetty-io\9.4.52.v20230823\jetty-io-9.4.52.v20230823.jar;C:\Users\Maike\.m2\settings-public\org\eclipse\jetty\jetty-webapp\9.4.52.v20230823\jetty-webapp-9.4.52.v20230823.jar;C:\Users\Maike\.m2\settings-public\org\eclipse\jetty\jetty-xml\9.4.52.v20230823\jetty-xml-9.4.52.v20230823.jar;C:\Users\Maike\.m2\settings-public\org\eclipse\jetty\jetty-servlet\9.4.52.v20230823\jetty-servlet-9.4.52.v20230823.jar;C:\Users\Maike\.m2\settings-public\org\eclipse\jetty\jetty-security\9.4.52.v20230823\jetty-security-9.4.52.v20230823.jar;C:\Users\Maike\.m2\settings-public\org\eclipse\jetty\jetty-util-ajax\9.4.52.v20230823\jetty-util-ajax-9.4.52.v20230823.jar;C:\Users\Maike\.m2\settings-public\org\eclipse\jetty\jetty-jmx\9.4.52.v20230823\jetty-jmx-9.4.52.v20230823.jar;C:\Users\Maike\.m2\settings-public\org\eclipse\jetty\jetty-util\9.4.52.v20230823\jetty-util-9.4.52.v20230823.jar;C:\Users\Maike\.m2\settings-public\org\eclipse\jetty\websocket\javax-websocket-server-impl\9.4.52.v20230823\javax-websocket-server-impl-9.4.52.v20230823.jar;C:\Users\Maike\.m2\settings-public\org\eclipse\jetty\jetty-annotations\9.4.52.v20230823\jetty-annotations-9.4.52.v20230823.jar;C:\Users\Maike\.m2\settings-public\org\eclipse\jetty\jetty-plus\9.4.52.v20230823\jetty-plus-9.4.52.v20230823.jar;C:\Users\Maike\.m2\settings-public\org\eclipse\jetty\jetty-jndi\9.4.52.v20230823\jetty-jndi-9.4.52.v20230823.jar;C:\Users\Maike\.m2\settings-public\javax\annotation\javax.annotation-api\1.3.2\javax.annotation-api-1.3.2.jar;C:\Users\Maike\.m2\settings-public\org\ow2\asm\asm\9.5\asm-9.5.jar;C:\Users\Maike\.m2\settings-public\org\ow2\asm\asm-commons\9.5\asm-commons-9.5.jar;C:\Users\Maike\.m2\settings-public\org\ow2\asm\asm-tree\9.5\asm-tree-9.5.jar;C:\Users\Maike\.m2\settings-public\org\eclipse\jetty\websocket\javax-websocket-client-impl\9.4.52.v20230823\javax-websocket-client-impl-9.4.52.v20230823.jar;C:\Users\Maike\.m2\settings-public\org\eclipse\jetty\websocket\websocket-client\9.4.52.v20230823\websocket-client-9.4.52.v20230823.jar;C:\Users\Maike\.m2\settings-public\org\eclipse\jetty\jetty-client\9.4.52.v20230823\jetty-client-9.4.52.v20230823.jar;C:\Users\Maike\.m2\settings-public\javax\websocket\javax.websocket-client-api\1.0\javax.websocket-client-api-1.0.jar;C:\Users\Maike\.m2\settings-public\org\eclipse\jetty\websocket\websocket-server\9.4.52.v20230823\websocket-server-9.4.52.v20230823.jar;C:\Users\Maike\.m2\settings-public\org\eclipse\jetty\websocket\websocket-common\9.4.52.v20230823\websocket-common-9.4.52.v20230823.jar;C:\Users\Maike\.m2\settings-public\org\eclipse\jetty\websocket\websocket-api\9.4.52.v20230823\websocket-api-9.4.52.v20230823.jar;C:\Users\Maike\.m2\settings-public\org\eclipse\jetty\websocket\websocket-servlet\9.4.52.v20230823\websocket-servlet-9.4.52.v20230823.jar;C:\Users\Maike\.m2\settings-public\javax\websocket\javax.websocket-api\1.0\javax.websocket-api-1.0.jar;"/>
    <property name="sun.cpu.endian" value="little"/>
    <property name="user.home" value="C:\Users\Maike"/>
    <property name="user.language" value="pt"/>
    <property name="java.specification.vendor" value="Oracle Corporation"/>
    <property name="java.version.date" value="2023-10-17"/>
    <property name="java.home" value="C:\opt\java\jdk-11.0.21.9-hotspot"/>
    <property name="file.separator" value="\"/>
    <property name="basedir" value="C:\Desenvolvimento\workspace-example\example-app"/>
    <property name="java.vm.compressedOopsMode" value="Zero based"/>
    <property name="line.separator" value="&#10;"/>
    <property name="java.specification.name" value="Java Platform API Specification"/>
    <property name="java.vm.specification.vendor" value="Oracle Corporation"/>
    <property name="java.awt.graphicsenv" value="sun.awt.Win32GraphicsEnvironment"/>
    <property name="surefire.real.class.path" value="C:\Users\Maike\AppData\Local\Temp\surefire14598758353513348394\surefirebooter-20231211173715334_3.jar"/>
    <property name="user.script" value=""/>
    <property name="sun.management.compiler" value="HotSpot 64-Bit Tiered Compilers"/>
    <property name="oracle.net.tns_admin" value="C:/Oracle/network/admin"/>
    <property name="java.runtime.version" value="11.0.21+9"/>
    <property name="user.name" value="Maike"/>
    <property name="path.separator" value=";"/>
    <property name="os.version" value="10.0"/>
    <property name="java.runtime.name" value="OpenJDK Runtime Environment"/>
    <property name="file.encoding" value="Cp1252"/>
    <property name="java.vm.name" value="OpenJDK 64-Bit Server VM"/>
    <property name="java.vendor.version" value="Temurin-11.0.21+9"/>
    <property name="localRepository" value="C:\Users\Maike\.m2\settings-public"/>
    <property name="java.vendor.url.bug" value="https://github.com/adoptium/adoptium-support/issues"/>
    <property name="java.io.tmpdir" value="C:\Users\Maike\AppData\Local\Temp\"/>
    <property name="idea.version" value="2022.3.3"/>
    <property name="java.version" value="11.0.21"/>
    <property name="user.dir" value="C:\Desenvolvimento\workspace-example\example-app"/>
    <property name="os.arch" value="amd64"/>
    <property name="java.vm.specification.name" value="Java Virtual Machine Specification"/>
    <property name="java.awt.printerjob" value="sun.awt.windows.WPrinterJob"/>
    <property name="sun.os.patch.level" value=""/>
    <property name="java.library.path" value="C:\opt\java\jdk-11.0.21.9-hotspot\bin;C:\Windows\Sun\Java\bin;C:\Windows\system32;C:\Windows;C:\opt\java\jdk-21.0.1.12-hotspot\bin;C:\opt\java\jdk-11.0.21.9-hotspot\bin;C:\opt\java\jdk-8.0.392.8-hotspot\bin;C:\Windows\system32;C:\Windows;C:\Windows\System32\Wbem;C:\Windows\System32\WindowsPowerShell\v1.0\;C:\Windows\System32\OpenSSH\;C:\Program Files\SafeNet\Authentication\SAC\x64;C:\Program Files\SafeNet\Authentication\SAC\x32;C:\Program Files (x86)\NoteBook FanControl\;C:\Program Files\Git\cmd;C:\opt\maven\apache-maven-3.8.1\bin;C:\Users\Maike\AppData\Local\Microsoft\WindowsApps;;C:\Program Files\Microsoft VS Code\bin;."/>
    <property name="java.vm.info" value="mixed mode"/>
    <property name="java.vendor" value="Eclipse Adoptium"/>
    <property name="java.vm.version" value="11.0.21+9"/>
    <property name="java.specification.maintenance.version" value="2"/>
    <property name="sun.io.unicode.encoding" value="UnicodeLittle"/>
    <property name="java.class.version" value="55.0"/>
  </properties>
  <testcase name="homepageRendersSuccessfully" classname="com.example.TestHomePage" time="1.391">
    <system-out><![CDATA[itemAtual : 1
itemAnterior : 
versaoRowspan : 1
-------------------------------------
itemAtual : 1
itemAnterior : 1
versaoRowspan : 2
-------------------------------------
itemAtual : 1
itemAnterior : 1
versaoRowspan : 3
-------------------------------------
itemAtual : 1
itemAnterior : 1
versaoRowspan : 4
-------------------------------------
itemAtual : 1
itemAnterior : 1
versaoRowspan : 5
-------------------------------------
itemAtual : 1
itemAnterior : 1
versaoRowspan : 6
-------------------------------------
itemAtual : 2
itemAnterior : 1
versaoRowspan : 1
-------------------------------------
itemAtual : 3
itemAnterior : 2
versaoRowspan : 1
-------------------------------------
itemAtual : 4
itemAnterior : 3
versaoRowspan : 1
-------------------------------------
itemAtual : 1 - Não contratar
itemAnterior : 
riscoRowspan : 1
-------------------------------------
itemAtual : 1 - Não contratar
itemAnterior : 1 - Não contratar
riscoRowspan : 2
-------------------------------------
itemAtual : 1 - Não contratar
itemAnterior : 1 - Não contratar
riscoRowspan : 3
-------------------------------------
itemAtual : 2 - Descontinuidade do serviço
itemAnterior : 1 - Não contratar
riscoRowspan : 1
-------------------------------------
itemAtual : 3 - Danificar equipamentos
itemAnterior : 2 - Descontinuidade do serviço
riscoRowspan : 1
-------------------------------------
itemAtual : 3 - Danificar equipamentos
itemAnterior : 3 - Danificar equipamentos
riscoRowspan : 2
-------------------------------------
itemAtual : 1 - Não contratar
itemAnterior : 3 - Danificar equipamentos
riscoRowspan : 1
-------------------------------------
itemAtual : 1 - Não contratar
itemAnterior : 1 - Não contratar
riscoRowspan : 1
-------------------------------------
itemAtual : 1 - Não contratar
itemAnterior : 1 - Não contratar
riscoRowspan : 1
-------------------------------------
GerenciamentoDeRisco{versao='1', versaoRowspan=6, risco='1 - Não contratar', riscoRowspan=3}
GerenciamentoDeRisco{versao='1', versaoRowspan=0, risco='1 - Não contratar', riscoRowspan=0}
GerenciamentoDeRisco{versao='1', versaoRowspan=0, risco='1 - Não contratar', riscoRowspan=0}
GerenciamentoDeRisco{versao='1', versaoRowspan=0, risco='2 - Descontinuidade do serviço', riscoRowspan=1}
GerenciamentoDeRisco{versao='1', versaoRowspan=0, risco='3 - Danificar equipamentos', riscoRowspan=2}
GerenciamentoDeRisco{versao='1', versaoRowspan=0, risco='3 - Danificar equipamentos', riscoRowspan=0}
GerenciamentoDeRisco{versao='2', versaoRowspan=1, risco='1 - Não contratar', riscoRowspan=1}
GerenciamentoDeRisco{versao='3', versaoRowspan=1, risco='1 - Não contratar', riscoRowspan=1}
GerenciamentoDeRisco{versao='4', versaoRowspan=1, risco='1 - Não contratar', riscoRowspan=1}
]]></system-out>
    <system-err><![CDATA[[main] INFO org.apache.wicket.Application - [WicketTesterApplication-c0f9e59d-9b89-418f-b041-acfabb997688] init: Wicket core library initializer
]]></system-err>
  </testcase>
</testsuite>